0 info it worked if it ends with ok
1 verbose cli [ 'C:\\installExe\\Program Files\\nodejs\\node.exe',
1 verbose cli   'C:\\installExe\\Program Files\\nodejs\\node_modules\\npm\\bin\\npm-cli.js',
1 verbose cli   'start' ]
2 info using npm@3.10.10
3 info using node@v6.9.4
4 verbose run-script [ 'prestart', 'start', 'poststart' ]
5 info lifecycle meeting@0.0.0~prestart: meeting@0.0.0
6 silly lifecycle meeting@0.0.0~prestart: no script for prestart, continuing
7 info lifecycle meeting@0.0.0~start: meeting@0.0.0
8 verbose lifecycle meeting@0.0.0~start: unsafe-perm in lifecycle true
9 verbose lifecycle meeting@0.0.0~start: PATH: C:\installExe\Program Files\nodejs\node_modules\npm\bin\node-gyp-bin;C:\work\workSpace\project\meeting\node_modules\.bin;C:\Windows\system32;C:\Windows;C:\Windows\System32\Wbem;C:\Windows\System32\WindowsPowerShell\v1.0\;C:\Program Files (x86)\NVIDIA Corporation\PhysX\Common;C:\installExe\Program Files\nodejs\;C:\Program Files\Intel\WiFi\bin\;C:\Program Files\Common Files\Intel\WirelessCommon\;C:\installExe\Program Files\Git\cmd;C:\installExe\Program Files\TortoiseGit\bin;C:\installExe\Program Files\OpenVPN\bin;C:\installExe\Program Files\ffmpeg\bin;C:\Program Files (x86)\Windows Kits\8.1\Windows Performance Toolkit\;C:\installExe\Program Files\python;C:\MinGW\bin;C:\MinGW\msys\1.0\bin;C:\Users\ddzya\AppData\Roaming\npm;C:\Program Files\Intel\WiFi\bin\;C:\Program Files\Common Files\Intel\WirelessCommon\;C:\installExe\Program Files\MySQL Server 5.6\bin;C:\installExe\Program Files\Microsoft VS Code\bin
10 verbose lifecycle meeting@0.0.0~start: CWD: C:\work\workSpace\project\meeting
11 silly lifecycle meeting@0.0.0~start: Args: [ '/d /s /c', 'node ./bin/www' ]
12 silly lifecycle meeting@0.0.0~start: Returned: code: 1  signal: null
13 info lifecycle meeting@0.0.0~start: Failed to exec start script
14 verbose stack Error: meeting@0.0.0 start: `node ./bin/www`
14 verbose stack Exit status 1
14 verbose stack     at EventEmitter.<anonymous> (C:\installExe\Program Files\nodejs\node_modules\npm\lib\utils\lifecycle.js:255:16)
14 verbose stack     at emitTwo (events.js:106:13)
14 verbose stack     at EventEmitter.emit (events.js:191:7)
14 verbose stack     at ChildProcess.<anonymous> (C:\installExe\Program Files\nodejs\node_modules\npm\lib\utils\spawn.js:40:14)
14 verbose stack     at emitTwo (events.js:106:13)
14 verbose stack     at ChildProcess.emit (events.js:191:7)
14 verbose stack     at maybeClose (internal/child_process.js:877:16)
14 verbose stack     at Process.ChildProcess._handle.onexit (internal/child_process.js:226:5)
15 verbose pkgid meeting@0.0.0
16 verbose cwd C:\work\workSpace\project\meeting
17 error Windows_NT 10.0.10586
18 error argv "C:\\installExe\\Program Files\\nodejs\\node.exe" "C:\\installExe\\Program Files\\nodejs\\node_modules\\npm\\bin\\npm-cli.js" "start"
19 error node v6.9.4
20 error npm  v3.10.10
21 error code ELIFECYCLE
22 error meeting@0.0.0 start: `node ./bin/www`
22 error Exit status 1
23 error Failed at the meeting@0.0.0 start script 'node ./bin/www'.
23 error Make sure you have the latest version of node.js and npm installed.
23 error If you do, this is most likely a problem with the meeting package,
23 error not with npm itself.
23 error Tell the author that this fails on your system:
23 error     node ./bin/www
23 error You can get information on how to open an issue for this project with:
23 error     npm bugs meeting
23 error Or if that isn't available, you can get their info via:
23 error     npm owner ls meeting
23 error There is likely additional logging output above.
24 verbose exit [ 1, true ]
